<?xml version="1.0" encoding="UTF-8"?>
<!-- Generated by org.testng.reporters.JUnitReportReporter -->
<testsuite hostname="DESKTOP-50TJ9KG" failures="0" tests="1" name="com.testcases.Tc_login" time="4.310" errors="0" timestamp="2024-06-29T15:55:16 IST" skipped="0">
  <testcase classname="com.testcases.Tc_login" name="login" time="4.310"/>
</testsuite> <!-- com.testcases.Tc_login -->
